[    2504ms] [ERROR] Permissions policy violation: accelerometer is not allowed in this document. @ https://g.alicdn.com/AWSC/fireyejs/1.231.69/fireyejs.js:0
[    2504ms] [WARNING] The deviceorientation events are blocked by permissions policy. See https://github.com/w3c/webappsec-permissions-policy/blob/master/features.md#sensor-features @ https://g.alicdn.com/AWSC/fireyejs/1.231.69/fireyejs.js:0
[    2618ms] [ERROR] Permissions policy violation: accelerometer is not allowed in this document. @ https://g.alicdn.com/AWSC/fireyejs/1.234.20/fireyejs.js:0
[    2618ms] [WARNING] The deviceorientation events are blocked by permissions policy. See https://github.com/w3c/webappsec-permissions-policy/blob/master/features.md#sensor-features @ https://g.alicdn.com/AWSC/fireyejs/1.234.20/fireyejs.js:0
[    2755ms] Uncaught TypeError: Failed to construct 'RTCPeerConnection': Please use the 'new' operator, this DOM object constructor cannot be called as a function.
    at <anonymous> (https://g.alicdn.com/AWSC/fireyejs/1.234.20/fireyejs.js:0:3286)
    at DG (https://g.alicdn.com/AWSC/fireyejs/1.234.20/fireyejs.js:0:1590)
[    2782ms] [ERROR] Permissions policy violation: accelerometer is not allowed in this document. @ https://g.alicdn.com/AWSC/uab/1.140.0/collina.js:1
[    2782ms] [WARNING] The deviceorientation events are blocked by permissions policy. See https://github.com/w3c/webappsec-permissions-policy/blob/master/features.md#sensor-features @ https://g.alicdn.com/AWSC/uab/1.140.0/collina.js:1
[    2791ms] [ERROR] Permissions policy violation: accelerometer is not allowed in this document. @ https://g.alicdn.com/AWSC/uab/1.140.0/collina.js:1
[    2791ms] [WARNING] The deviceorientation events are blocked by permissions policy. See https://github.com/w3c/webappsec-permissions-policy/blob/master/features.md#sensor-features @ https://g.alicdn.com/AWSC/uab/1.140.0/collina.js:1
[    3368ms] [ERROR] Permissions policy violation: accelerometer is not allowed in this document. @ https://g.alicdn.com/AWSC/fireyejs/1.234.20/fireyejs.js:0
[    3368ms] [WARNING] The devicemotion events are blocked by permissions policy. See https://github.com/w3c/webappsec-permissions-policy/blob/master/features.md#sensor-features @ https://g.alicdn.com/AWSC/fireyejs/1.234.20/fireyejs.js:0
[    3378ms] [ERROR] Permissions policy violation: accelerometer is not allowed in this document. @ https://g.alicdn.com/AWSC/fireyejs/1.231.69/fireyejs.js:0
[    3379ms] [WARNING] The devicemotion events are blocked by permissions policy. See https://github.com/w3c/webappsec-permissions-policy/blob/master/features.md#sensor-features @ https://g.alicdn.com/AWSC/fireyejs/1.231.69/fireyejs.js:0
[    4863ms] [ERROR] Permissions policy violation: gyroscope is not allowed in this document. @ https://g.alicdn.com/secdev/sufei_data/3.9.14/index.js:0
[    4863ms] [ERROR] Permissions policy violation: accelerometer is not allowed in this document. @ https://g.alicdn.com/secdev/sufei_data/3.9.14/index.js:0
[    4863ms] [WARNING] The deviceorientation events are blocked by permissions policy. See https://github.com/w3c/webappsec-permissions-policy/blob/master/features.md#sensor-features @ https://g.alicdn.com/secdev/sufei_data/3.9.14/index.js:0
[    5374ms] [ERROR] Permissions policy violation: gyroscope is not allowed in this document. @ https://g.alicdn.com/secdev/sufei_data/3.9.14/index.js:0
[    5374ms] [ERROR] Permissions policy violation: accelerometer is not allowed in this document. @ https://g.alicdn.com/secdev/sufei_data/3.9.14/index.js:0
[    5374ms] [WARNING] The deviceorientation events are blocked by permissions policy. See https://github.com/w3c/webappsec-permissions-policy/blob/master/features.md#sensor-features @ https://g.alicdn.com/secdev/sufei_data/3.9.14/index.js:0
